<?xml version="1.0" encoding="UTF-8"?>
<!-- Generated by org.testng.reporters.JUnitReportReporter -->
<testsuite hostname="DESKTOP-GJG1FLD" name="com.turtlemint.testCases.Problem_2" tests="1" failures="0" timestamp="4 Apr 2021 20:00:38 GMT" time="13.233" errors="0">
  <testcase name="TC200_SearchProduct" time="13.233" classname="com.turtlemint.testCases.Problem_2"/>
</testsuite> <!-- com.turtlemint.testCases.Problem_2 -->
