<?xml version="1.0" encoding="UTF-8"?>
<!-- Generated by org.testng.reporters.JUnitReportReporter -->
<testsuite hostname="DESKTOP-GJG1FLD" name="com.turtlemint.testCases.Problem_1" tests="1" failures="0" timestamp="4 Apr 2021 20:00:38 GMT" time="29.168" errors="0">
  <testcase name="TC100_LifeInsuranceTest" time="29.168" classname="com.turtlemint.testCases.Problem_1"/>
</testsuite> <!-- com.turtlemint.testCases.Problem_1 -->
